This file contains any messages produced by compilers while
running configure, to aid debugging if configure makes a mistake.

It was created by Florence virtual keyboard configure 0.6.3, which was
generated by GNU Autoconf 2.69.  Invocation command line was

  $ ./configure --prefix=/home/gjeusel/projects/waxCraft/nix/nixpkgs/florence-0.6.3/florence-0.6.3

## --------- ##
## Platform. ##
## --------- ##

hostname = myNixHost
uname -m = x86_64
uname -r = 4.4.19
uname -s = Linux
uname -v = #1-NixOS SMP Sat Aug 20 16:09:38 UTC 2016

/usr/bin/uname -p = unknown
/bin/uname -X     = unknown

/bin/arch              = unknown
/usr/bin/arch -k       = unknown
/usr/convex/getsysinfo = unknown
/usr/bin/hostinfo      = unknown
/bin/machine           = unknown
/usr/bin/oslevel       = unknown
/bin/universe          = unknown

PATH: /home/gjeusel/bin
PATH: /var/setuid-wrappers
PATH: /home/gjeusel/.nix-profile/bin
PATH: /home/gjeusel/.nix-profile/sbin
PATH: /home/gjeusel/.nix-profile/lib/kde4/libexec
PATH: /nix/var/nix/profiles/default/bin
PATH: /nix/var/nix/profiles/default/sbin
PATH: /nix/var/nix/profiles/default/lib/kde4/libexec
PATH: /run/current-system/sw/bin
PATH: /run/current-system/sw/sbin
PATH: /run/current-system/sw/lib/kde4/libexec


## ----------- ##
## Core tests. ##
## ----------- ##

configure:2550: checking for a BSD-compatible install
configure:2618: result: /run/current-system/sw/bin/install -c
configure:2629: checking whether build environment is sane
configure:2684: result: yes
configure:2722: WARNING: 'missing' script is too old or missing
configure:2835: checking for a thread-safe mkdir -p
configure:2874: result: /run/current-system/sw/bin/mkdir -p
configure:2881: checking for gawk
configure:2897: found /run/current-system/sw/bin/gawk
configure:2908: result: gawk
configure:2919: checking whether make sets $(MAKE)
configure:2941: result: yes
configure:2970: checking whether make supports nested variables
configure:2987: result: yes
configure:3141: checking build system type
configure:3155: result: x86_64-unknown-linux-gnu
configure:3175: checking host system type
configure:3188: result: x86_64-unknown-linux-gnu
configure:3229: checking how to print strings
configure:3256: result: printf
configure:3289: checking for style of include used by make
configure:3317: result: GNU
configure:3388: checking for gcc
configure:3404: found /home/gjeusel/.nix-profile/bin/gcc
configure:3415: result: gcc
configure:3644: checking for C compiler version
configure:3653: gcc --version >&5
gcc (GCC) 5.3.0
Copyright (C) 2015 Free Software Foundation, Inc.
This is free software; see the source for copying conditions.  There is NO
warranty; not even for MERCHANTABILITY or FITNESS FOR A PARTICULAR PURPOSE.

configure:3664: $? = 0
configure:3653: gcc -v >&5
Using built-in specs.
COLLECT_GCC=/nix/store/c7ipds48nb7sfzhb7vqp26rrllirxwxv-gcc-5.3.0/bin/gcc
COLLECT_LTO_WRAPPER=/nix/store/c7ipds48nb7sfzhb7vqp26rrllirxwxv-gcc-5.3.0/libexec/gcc/x86_64-unknown-linux-gnu/5.3.0/lto-wrapper
Target: x86_64-unknown-linux-gnu
Configured with: 
Thread model: posix
gcc version 5.3.0 (GCC) 
configure:3664: $? = 0
configure:3653: gcc -V >&5
gcc: error: unrecognized command line option '-V'
gcc: fatal error: no input files
compilation terminated.
configure:3664: $? = 1
configure:3653: gcc -qversion >&5
gcc: error: unrecognized command line option '-qversion'
gcc: fatal error: no input files
compilation terminated.
configure:3664: $? = 1
configure:3684: checking whether the C compiler works
configure:3706: gcc    conftest.c  >&5
configure:3710: $? = 0
configure:3758: result: yes
configure:3761: checking for C compiler default output file name
configure:3763: result: a.out
configure:3769: checking for suffix of executables
configure:3776: gcc -o conftest    conftest.c  >&5
configure:3780: $? = 0
configure:3802: result: 
configure:3824: checking whether we are cross compiling
configure:3832: gcc -o conftest    conftest.c  >&5
configure:3836: $? = 0
configure:3843: ./conftest
configure:3847: $? = 0
configure:3862: result: no
configure:3867: checking for suffix of object files
configure:3889: gcc -c   conftest.c >&5
configure:3893: $? = 0
configure:3914: result: o
configure:3918: checking whether we are using the GNU C compiler
configure:3937: gcc -c   conftest.c >&5
configure:3937: $? = 0
configure:3946: result: yes
configure:3955: checking whether gcc accepts -g
configure:3975: gcc -c -g  conftest.c >&5
configure:3975: $? = 0
configure:4016: result: yes
configure:4033: checking for gcc option to accept ISO C89
configure:4096: gcc  -c -g -O2  conftest.c >&5
configure:4096: $? = 0
configure:4109: result: none needed
configure:4134: checking whether gcc understands -c and -o together
configure:4156: gcc -c conftest.c -o conftest2.o
configure:4159: $? = 0
configure:4156: gcc -c conftest.c -o conftest2.o
configure:4159: $? = 0
configure:4171: result: yes
configure:4190: checking dependency style of gcc
configure:4301: result: gcc3
configure:4316: checking for a sed that does not truncate output
configure:4380: result: /run/current-system/sw/bin/sed
configure:4398: checking for grep that handles long lines and -e
configure:4456: result: /run/current-system/sw/bin/grep
configure:4461: checking for egrep
configure:4523: result: /run/current-system/sw/bin/grep -E
configure:4528: checking for fgrep
configure:4590: result: /run/current-system/sw/bin/grep -F
configure:4625: checking for ld used by gcc
configure:4692: result: /nix/store/m0pbxxvs7zz4ixk4sxyq9shwazpd3kwq-gcc-wrapper-5.3.0/bin/ld
configure:4699: checking if the linker (/nix/store/m0pbxxvs7zz4ixk4sxyq9shwazpd3kwq-gcc-wrapper-5.3.0/bin/ld) is GNU ld
configure:4714: result: yes
configure:4726: checking for BSD- or MS-compatible name lister (nm)
configure:4775: result: /home/gjeusel/.nix-profile/bin/nm -B
configure:4905: checking the name lister (/home/gjeusel/.nix-profile/bin/nm -B) interface
configure:4912: gcc -c -g -O2  conftest.c >&5
configure:4915: /home/gjeusel/.nix-profile/bin/nm -B "conftest.o"
configure:4918: output
0000000000000000 B some_variable
configure:4925: result: BSD nm
configure:4928: checking whether ln -s works
configure:4932: result: yes
configure:4940: checking the maximum length of command line arguments
configure:5070: result: 1572864
configure:5087: checking whether the shell understands some XSI constructs
configure:5097: result: yes
configure:5101: checking whether the shell understands "+="
configure:5107: result: yes
configure:5142: checking how to convert x86_64-unknown-linux-gnu file names to x86_64-unknown-linux-gnu format
configure:5182: result: func_convert_file_noop
configure:5189: checking how to convert x86_64-unknown-linux-gnu file names to toolchain format
configure:5209: result: func_convert_file_noop
configure:5216: checking for /nix/store/m0pbxxvs7zz4ixk4sxyq9shwazpd3kwq-gcc-wrapper-5.3.0/bin/ld option to reload object files
configure:5223: result: -r
configure:5297: checking for objdump
configure:5313: found /home/gjeusel/.nix-profile/bin/objdump
configure:5324: result: objdump
configure:5356: checking how to recognize dependent libraries
configure:5558: result: pass_all
configure:5643: checking for dlltool
configure:5673: result: no
configure:5703: checking how to associate runtime and link libraries
configure:5730: result: printf %s\n
configure:5791: checking for ar
configure:5807: found /home/gjeusel/.nix-profile/bin/ar
configure:5818: result: ar
configure:5855: checking for archiver @FILE support
configure:5872: gcc -c -g -O2  conftest.c >&5
configure:5872: $? = 0
configure:5875: ar cru libconftest.a @conftest.lst >&5
ar: `u' modifier ignored since `D' is the default (see `U')
configure:5878: $? = 0
configure:5883: ar cru libconftest.a @conftest.lst >&5
ar: `u' modifier ignored since `D' is the default (see `U')
ar: conftest.o: No such file or directory
configure:5886: $? = 1
configure:5898: result: @
configure:5956: checking for strip
configure:5972: found /home/gjeusel/.nix-profile/bin/strip
configure:5983: result: strip
configure:6055: checking for ranlib
configure:6071: found /home/gjeusel/.nix-profile/bin/ranlib
configure:6082: result: ranlib
configure:6184: checking command to parse /home/gjeusel/.nix-profile/bin/nm -B output from gcc object
configure:6304: gcc -c -g -O2  conftest.c >&5
configure:6307: $? = 0
configure:6311: /home/gjeusel/.nix-profile/bin/nm -B conftest.o \| sed -n -e 's/^.*[ ]\([ABCDGIRSTW][ABCDGIRSTW]*\)[ ][ ]*\([_A-Za-z][_A-Za-z0-9]*\)$/\1 \2 \2/p' | sed '/ __gnu_lto/d' \> conftest.nm
configure:6314: $? = 0
configure:6380: gcc -o conftest -g -O2   conftest.c conftstm.o >&5
configure:6383: $? = 0
configure:6421: result: ok
configure:6458: checking for sysroot
configure:6488: result: no
configure:6565: gcc -c -g -O2  conftest.c >&5
configure:6568: $? = 0
configure:6744: checking for mt
configure:6774: result: no
configure:6794: checking if : is a manifest tool
configure:6800: : '-?'
configure:6808: result: no
configure:7450: checking how to run the C preprocessor
configure:7481: gcc -E  conftest.c
configure:7481: $? = 0
configure:7495: gcc -E  conftest.c
conftest.c:11:28: fatal error: ac_nonexistent.h: No such file or directory
compilation terminated.
configure:7495: $? = 1
configure: failed program was:
| /* confdefs.h */
| #define PACKAGE_NAME "Florence virtual keyboard"
| #define PACKAGE_TARNAME "florence"
| #define PACKAGE_VERSION "0.6.3"
| #define PACKAGE_STRING "Florence virtual keyboard 0.6.3"
| #define PACKAGE_BUGREPORT "f.agrech@gmail.com"
| #define PACKAGE_URL ""
| #define PACKAGE "florence"
| #define VERSION "0.6.3"
| /* end confdefs.h.  */
| #include <ac_nonexistent.h>
configure:7520: result: gcc -E
configure:7540: gcc -E  conftest.c
configure:7540: $? = 0
configure:7554: gcc -E  conftest.c
conftest.c:11:28: fatal error: ac_nonexistent.h: No such file or directory
compilation terminated.
configure:7554: $? = 1
configure: failed program was:
| /* confdefs.h */
| #define PACKAGE_NAME "Florence virtual keyboard"
| #define PACKAGE_TARNAME "florence"
| #define PACKAGE_VERSION "0.6.3"
| #define PACKAGE_STRING "Florence virtual keyboard 0.6.3"
| #define PACKAGE_BUGREPORT "f.agrech@gmail.com"
| #define PACKAGE_URL ""
| #define PACKAGE "florence"
| #define VERSION "0.6.3"
| /* end confdefs.h.  */
| #include <ac_nonexistent.h>
configure:7583: checking for ANSI C header files
configure:7603: gcc -c -g -O2  conftest.c >&5
configure:7603: $? = 0
configure:7676: gcc -o conftest -g -O2   conftest.c  >&5
configure:7676: $? = 0
configure:7676: ./conftest
configure:7676: $? = 0
configure:7687: result: yes
configure:7700: checking for sys/types.h
configure:7700: gcc -c -g -O2  conftest.c >&5
configure:7700: $? = 0
configure:7700: result: yes
configure:7700: checking for sys/stat.h
configure:7700: gcc -c -g -O2  conftest.c >&5
configure:7700: $? = 0
configure:7700: result: yes
configure:7700: checking for stdlib.h
configure:7700: gcc -c -g -O2  conftest.c >&5
configure:7700: $? = 0
configure:7700: result: yes
configure:7700: checking for string.h
configure:7700: gcc -c -g -O2  conftest.c >&5
configure:7700: $? = 0
configure:7700: result: yes
configure:7700: checking for memory.h
configure:7700: gcc -c -g -O2  conftest.c >&5
configure:7700: $? = 0
configure:7700: result: yes
configure:7700: checking for strings.h
configure:7700: gcc -c -g -O2  conftest.c >&5
configure:7700: $? = 0
configure:7700: result: yes
configure:7700: checking for inttypes.h
configure:7700: gcc -c -g -O2  conftest.c >&5
configure:7700: $? = 0
configure:7700: result: yes
configure:7700: checking for stdint.h
configure:7700: gcc -c -g -O2  conftest.c >&5
configure:7700: $? = 0
configure:7700: result: yes
configure:7700: checking for unistd.h
configure:7700: gcc -c -g -O2  conftest.c >&5
configure:7700: $? = 0
configure:7700: result: yes
configure:7714: checking for dlfcn.h
configure:7714: gcc -c -g -O2  conftest.c >&5
configure:7714: $? = 0
configure:7714: result: yes
configure:7920: checking for objdir
configure:7935: result: .libs
configure:8202: checking if gcc supports -fno-rtti -fno-exceptions
configure:8220: gcc -c -g -O2  -fno-rtti -fno-exceptions conftest.c >&5
cc1: warning: command line option '-fno-rtti' is valid for C++/ObjC++ but not for C
configure:8224: $? = 0
configure:8237: result: no
configure:8564: checking for gcc option to produce PIC
configure:8571: result: -fPIC -DPIC
configure:8579: checking if gcc PIC flag -fPIC -DPIC works
configure:8597: gcc -c -g -O2  -fPIC -DPIC -DPIC conftest.c >&5
configure:8601: $? = 0
configure:8614: result: yes
configure:8643: checking if gcc static flag -static works
configure:8671: result: yes
configure:8686: checking if gcc supports -c -o file.o
configure:8707: gcc -c -g -O2  -o out/conftest2.o conftest.c >&5
configure:8711: $? = 0
configure:8733: result: yes
configure:8741: checking if gcc supports -c -o file.o
configure:8788: result: yes
configure:8821: checking whether the gcc linker (/nix/store/m0pbxxvs7zz4ixk4sxyq9shwazpd3kwq-gcc-wrapper-5.3.0/bin/ld) supports shared libraries
configure:9975: result: yes
configure:10012: checking whether -lc should be explicitly linked in
configure:10020: gcc -c -g -O2  conftest.c >&5
configure:10023: $? = 0
configure:10038: gcc -shared  -fPIC -DPIC conftest.o  -v -Wl,-soname -Wl,conftest -o conftest 2\>\&1 \| /run/current-system/sw/bin/grep  -lc  \>/dev/null 2\>\&1
configure:10041: $? = 0
configure:10055: result: no
configure:10215: checking dynamic linker characteristics
configure:10726: gcc -o conftest -g -O2   -Wl,-rpath -Wl,/foo conftest.c  >&5
configure:10726: $? = 0
configure:10750: gcc -c -g -O2  conftest.c >&5
configure:10753: $? = 0
configure:10970: result: GNU/Linux ld.so
configure:11077: checking how to hardcode library paths into programs
configure:11102: result: immediate
configure:11642: checking whether stripping libraries is possible
configure:11647: result: yes
configure:11682: checking if libtool supports shared libraries
configure:11684: result: yes
configure:11687: checking whether to build shared libraries
configure:11708: result: yes
configure:11711: checking whether to build static libraries
configure:11715: result: yes
configure:11874: checking whether NLS is requested
configure:11883: result: yes
configure:11901: checking for intltool >= 0.23
configure:11903: result: 0.51.0 found
configure:11911: checking for intltool-update
configure:11929: found /home/gjeusel/.nix-profile/bin/intltool-update
configure:11941: result: /home/gjeusel/.nix-profile/bin/intltool-update
configure:11951: checking for intltool-merge
configure:11969: found /home/gjeusel/.nix-profile/bin/intltool-merge
configure:11981: result: /home/gjeusel/.nix-profile/bin/intltool-merge
configure:11991: checking for intltool-extract
configure:12009: found /home/gjeusel/.nix-profile/bin/intltool-extract
configure:12021: result: /home/gjeusel/.nix-profile/bin/intltool-extract
configure:12175: checking for xgettext
configure:12193: found /home/gjeusel/.nix-profile/bin/xgettext
configure:12205: result: /home/gjeusel/.nix-profile/bin/xgettext
configure:12215: checking for msgmerge
configure:12233: found /home/gjeusel/.nix-profile/bin/msgmerge
configure:12245: result: /home/gjeusel/.nix-profile/bin/msgmerge
configure:12255: checking for msgfmt
configure:12273: found /home/gjeusel/.nix-profile/bin/msgfmt
configure:12285: result: /home/gjeusel/.nix-profile/bin/msgfmt
configure:12295: checking for gmsgfmt
configure:12326: result: /home/gjeusel/.nix-profile/bin/msgfmt
configure:12346: checking for perl
configure:12364: found /home/gjeusel/.nix-profile/bin/perl
configure:12376: result: /home/gjeusel/.nix-profile/bin/perl
configure:12387: checking for perl >= 5.8.1
configure:12394: result: 5.22.1
configure:12398: checking for XML::Parser
configure:12401: result: ok
configure:12426: gcc -o conftest -g -O2   conftest.c  >&5
configure:12426: $? = 0
configure:12461: checking locale.h usability
configure:12461: gcc -c -g -O2  conftest.c >&5
configure:12461: $? = 0
configure:12461: result: yes
configure:12461: checking locale.h presence
configure:12461: gcc -E  conftest.c
configure:12461: $? = 0
configure:12461: result: yes
configure:12461: checking for locale.h
configure:12461: result: yes
configure:12472: checking for LC_MESSAGES
configure:12488: gcc -o conftest -g -O2   conftest.c  >&5
configure:12488: $? = 0
configure:12496: result: yes
configure:12513: checking libintl.h usability
configure:12513: gcc -c -g -O2  conftest.c >&5
configure:12513: $? = 0
configure:12513: result: yes
configure:12513: checking libintl.h presence
configure:12513: gcc -E  conftest.c
configure:12513: $? = 0
configure:12513: result: yes
configure:12513: checking for libintl.h
configure:12513: result: yes
configure:12521: checking for ngettext in libc
configure:12539: gcc -o conftest -g -O2   conftest.c  >&5
configure:12539: $? = 0
configure:12548: result: yes
configure:12552: checking for dgettext in libc
configure:12570: gcc -o conftest -g -O2   conftest.c  >&5
configure:12570: $? = 0
configure:12579: result: yes
configure:12586: checking for bind_textdomain_codeset
configure:12586: gcc -o conftest -g -O2   conftest.c  >&5
configure:12586: $? = 0
configure:12586: result: yes
configure:12862: checking for msgfmt
configure:12889: result: /home/gjeusel/.nix-profile/bin/msgfmt
configure:12900: checking for dcgettext
configure:12900: gcc -o conftest -g -O2   conftest.c   >&5
conftest.c:53:6: warning: conflicting types for built-in function 'dcgettext'
 char dcgettext ();
      ^
configure:12900: $? = 0
configure:12900: result: yes
configure:12910: checking if msgfmt accepts -c
configure:12925: $MSGFMT -c -o /dev/null conftest.foo
conftest.foo:3: warning: header field 'Language' missing in header
configure:12928: $? = 0
configure:12930: result: yes
configure:12940: checking for gmsgfmt
configure:12971: result: /home/gjeusel/.nix-profile/bin/msgfmt
configure:12981: checking for xgettext
configure:13008: result: /home/gjeusel/.nix-profile/bin/xgettext
configure:13027: gcc -o conftest -g -O2   conftest.c   >&5
configure:13027: $? = 0
configure:13109: checking for catalogs to be installed
configure:13134: result:  fr ru it
configure:13218: checking for gcc
configure:13245: result: gcc
configure:13474: checking for C compiler version
configure:13483: gcc --version >&5
gcc (GCC) 5.3.0
Copyright (C) 2015 Free Software Foundation, Inc.
This is free software; see the source for copying conditions.  There is NO
warranty; not even for MERCHANTABILITY or FITNESS FOR A PARTICULAR PURPOSE.

configure:13494: $? = 0
configure:13483: gcc -v >&5
Using built-in specs.
COLLECT_GCC=/nix/store/c7ipds48nb7sfzhb7vqp26rrllirxwxv-gcc-5.3.0/bin/gcc
COLLECT_LTO_WRAPPER=/nix/store/c7ipds48nb7sfzhb7vqp26rrllirxwxv-gcc-5.3.0/libexec/gcc/x86_64-unknown-linux-gnu/5.3.0/lto-wrapper
Target: x86_64-unknown-linux-gnu
Configured with: 
Thread model: posix
gcc version 5.3.0 (GCC) 
configure:13494: $? = 0
configure:13483: gcc -V >&5
gcc: error: unrecognized command line option '-V'
gcc: fatal error: no input files
compilation terminated.
configure:13494: $? = 1
configure:13483: gcc -qversion >&5
gcc: error: unrecognized command line option '-qversion'
gcc: fatal error: no input files
compilation terminated.
configure:13494: $? = 1
configure:13498: checking whether we are using the GNU C compiler
configure:13526: result: yes
configure:13535: checking whether gcc accepts -g
configure:13596: result: yes
configure:13613: checking for gcc option to accept ISO C89
configure:13689: result: none needed
configure:13714: checking whether gcc understands -c and -o together
configure:13751: result: yes
configure:13770: checking dependency style of gcc
configure:13881: result: gcc3
configure:13897: checking for grep that handles long lines and -e
configure:13955: result: /run/current-system/sw/bin/grep
configure:13960: checking for a sed that does not truncate output
configure:14024: result: /run/current-system/sw/bin/sed
configure:14083: checking for pkg-config
configure:14101: found /home/gjeusel/.nix-profile/bin/pkg-config
configure:14113: result: /home/gjeusel/.nix-profile/bin/pkg-config
configure:14138: checking pkg-config is at least version 0.9.0
configure:14141: result: yes
configure:14215: checking for pkg-config
configure:14245: result: /home/gjeusel/.nix-profile/bin/pkg-config
configure:14270: checking pkg-config is at least version 0.16
configure:14273: result: yes
configure:14390: checking gnome-doc-utils >= 0.3.2
configure:14393: $PKG_CONFIG --exists --print-errors "gnome-doc-utils >= $gdu_cv_version_required"
Package gnome-doc-utils was not found in the pkg-config search path.
Perhaps you should add the directory containing `gnome-doc-utils.pc'
to the PKG_CONFIG_PATH environment variable
No package 'gnome-doc-utils' found
configure:14396: $? = 1
configure:14405: result: yes
configure:14482: checking for scrollkeeper-config
configure:14500: found /home/gjeusel/.nix-profile/bin/scrollkeeper-config
configure:14513: result: /home/gjeusel/.nix-profile/bin/scrollkeeper-config
configure:14532: checking for DEPS
configure:14539: $PKG_CONFIG --exists --print-errors "$DEP_MODULES"
Package xext was not found in the pkg-config search path.
Perhaps you should add the directory containing `xext.pc'
to the PKG_CONFIG_PATH environment variable
No package 'xext' found
Package cairo was not found in the pkg-config search path.
Perhaps you should add the directory containing `cairo.pc'
to the PKG_CONFIG_PATH environment variable
No package 'cairo' found
Package librsvg-2.0 was not found in the pkg-config search path.
Perhaps you should add the directory containing `librsvg-2.0.pc'
to the PKG_CONFIG_PATH environment variable
No package 'librsvg-2.0' found
Package libxml-2.0 was not found in the pkg-config search path.
Perhaps you should add the directory containing `libxml-2.0.pc'
to the PKG_CONFIG_PATH environment variable
No package 'libxml-2.0' found
configure:14542: $? = 1
configure:14556: $PKG_CONFIG --exists --print-errors "$DEP_MODULES"
Package xext was not found in the pkg-config search path.
Perhaps you should add the directory containing `xext.pc'
to the PKG_CONFIG_PATH environment variable
No package 'xext' found
Package cairo was not found in the pkg-config search path.
Perhaps you should add the directory containing `cairo.pc'
to the PKG_CONFIG_PATH environment variable
No package 'cairo' found
Package librsvg-2.0 was not found in the pkg-config search path.
Perhaps you should add the directory containing `librsvg-2.0.pc'
to the PKG_CONFIG_PATH environment variable
No package 'librsvg-2.0' found
Package libxml-2.0 was not found in the pkg-config search path.
Perhaps you should add the directory containing `libxml-2.0.pc'
to the PKG_CONFIG_PATH environment variable
No package 'libxml-2.0' found
configure:14559: $? = 1
configure:14573: result: no
No package 'xext' found
No package 'cairo' found
No package 'librsvg-2.0' found
No package 'libxml-2.0' found
configure:14589: error: Package requirements (xext gmodule-2.0 cairo librsvg-2.0 libxml-2.0 gstreamer-1.0) were not met:

No package 'xext' found
No package 'cairo' found
No package 'librsvg-2.0' found
No package 'libxml-2.0' found

Consider adjusting the PKG_CONFIG_PATH environment variable if you
installed software in a non-standard prefix.

Alternatively, you may set the environment variables DEPS_CFLAGS
and DEPS_LIBS to avoid the need to call pkg-config.
See the pkg-config man page for more details.

## ---------------- ##
## Cache variables. ##
## ---------------- ##

ac_cv_build=x86_64-unknown-linux-gnu
ac_cv_c_compiler_gnu=yes
ac_cv_env_AT_SPI2_CFLAGS_set=
ac_cv_env_AT_SPI2_CFLAGS_value=
ac_cv_env_AT_SPI2_LIBS_set=
ac_cv_env_AT_SPI2_LIBS_value=
ac_cv_env_CC_set=
ac_cv_env_CC_value=
ac_cv_env_CFLAGS_set=
ac_cv_env_CFLAGS_value=
ac_cv_env_CPPFLAGS_set=
ac_cv_env_CPPFLAGS_value=
ac_cv_env_CPP_set=
ac_cv_env_CPP_value=
ac_cv_env_DEPS_CFLAGS_set=
ac_cv_env_DEPS_CFLAGS_value=
ac_cv_env_DEPS_LIBS_set=
ac_cv_env_DEPS_LIBS_value=
ac_cv_env_GIO_CFLAGS_set=
ac_cv_env_GIO_CFLAGS_value=
ac_cv_env_GIO_LIBS_set=
ac_cv_env_GIO_LIBS_value=
ac_cv_env_GNOME_DOC_UTILS_CFLAGS_set=
ac_cv_env_GNOME_DOC_UTILS_CFLAGS_value=
ac_cv_env_GNOME_DOC_UTILS_LIBS_set=
ac_cv_env_GNOME_DOC_UTILS_LIBS_value=
ac_cv_env_GTK3_CFLAGS_set=
ac_cv_env_GTK3_CFLAGS_value=
ac_cv_env_GTK3_LIBS_set=
ac_cv_env_GTK3_LIBS_value=
ac_cv_env_LDFLAGS_set=
ac_cv_env_LDFLAGS_value=
ac_cv_env_LIBNOTIFY_CFLAGS_set=
ac_cv_env_LIBNOTIFY_CFLAGS_value=
ac_cv_env_LIBNOTIFY_ICON_CFLAGS_set=
ac_cv_env_LIBNOTIFY_ICON_CFLAGS_value=
ac_cv_env_LIBNOTIFY_ICON_LIBS_set=
ac_cv_env_LIBNOTIFY_ICON_LIBS_value=
ac_cv_env_LIBNOTIFY_LIBS_set=
ac_cv_env_LIBNOTIFY_LIBS_value=
ac_cv_env_LIBS_set=
ac_cv_env_LIBS_value=
ac_cv_env_PKG_CONFIG_LIBDIR_set=
ac_cv_env_PKG_CONFIG_LIBDIR_value=
ac_cv_env_PKG_CONFIG_PATH_set=set
ac_cv_env_PKG_CONFIG_PATH_value=/home/gjeusel/.nix-profile/lib/pkgconfig:/nix/var/nix/profiles/default/lib/pkgconfig:/run/current-system/sw/lib/pkgconfig
ac_cv_env_PKG_CONFIG_set=
ac_cv_env_PKG_CONFIG_value=
ac_cv_env_X11_CFLAGS_set=
ac_cv_env_X11_CFLAGS_value=
ac_cv_env_X11_LIBS_set=
ac_cv_env_X11_LIBS_value=
ac_cv_env_XTST_CFLAGS_set=
ac_cv_env_XTST_CFLAGS_value=
ac_cv_env_XTST_LIBS_set=
ac_cv_env_XTST_LIBS_value=
ac_cv_env_build_alias_set=
ac_cv_env_build_alias_value=
ac_cv_env_host_alias_set=
ac_cv_env_host_alias_value=
ac_cv_env_target_alias_set=
ac_cv_env_target_alias_value=
ac_cv_func_bind_textdomain_codeset=yes
ac_cv_func_dcgettext=yes
ac_cv_header_dlfcn_h=yes
ac_cv_header_inttypes_h=yes
ac_cv_header_libintl_h=yes
ac_cv_header_locale_h=yes
ac_cv_header_memory_h=yes
ac_cv_header_stdc=yes
ac_cv_header_stdint_h=yes
ac_cv_header_stdlib_h=yes
ac_cv_header_string_h=yes
ac_cv_header_strings_h=yes
ac_cv_header_sys_stat_h=yes
ac_cv_header_sys_types_h=yes
ac_cv_header_unistd_h=yes
ac_cv_host=x86_64-unknown-linux-gnu
ac_cv_objext=o
ac_cv_path_EGREP='/run/current-system/sw/bin/grep -E'
ac_cv_path_FGREP='/run/current-system/sw/bin/grep -F'
ac_cv_path_GMSGFMT=/home/gjeusel/.nix-profile/bin/msgfmt
ac_cv_path_GREP=/run/current-system/sw/bin/grep
ac_cv_path_INTLTOOL_EXTRACT=/home/gjeusel/.nix-profile/bin/intltool-extract
ac_cv_path_INTLTOOL_MERGE=/home/gjeusel/.nix-profile/bin/intltool-merge
ac_cv_path_INTLTOOL_PERL=/home/gjeusel/.nix-profile/bin/perl
ac_cv_path_INTLTOOL_UPDATE=/home/gjeusel/.nix-profile/bin/intltool-update
ac_cv_path_MSGFMT=/home/gjeusel/.nix-profile/bin/msgfmt
ac_cv_path_MSGMERGE=/home/gjeusel/.nix-profile/bin/msgmerge
ac_cv_path_SED=/run/current-system/sw/bin/sed
ac_cv_path_SK_CONFIG=/home/gjeusel/.nix-profile/bin/scrollkeeper-config
ac_cv_path_XGETTEXT=/home/gjeusel/.nix-profile/bin/xgettext
ac_cv_path_ac_pt_PKG_CONFIG=/home/gjeusel/.nix-profile/bin/pkg-config
ac_cv_path_install='/run/current-system/sw/bin/install -c'
ac_cv_path_mkdir=/run/current-system/sw/bin/mkdir
ac_cv_prog_AWK=gawk
ac_cv_prog_CPP='gcc -E'
ac_cv_prog_ac_ct_AR=ar
ac_cv_prog_ac_ct_CC=gcc
ac_cv_prog_ac_ct_OBJDUMP=objdump
ac_cv_prog_ac_ct_RANLIB=ranlib
ac_cv_prog_ac_ct_STRIP=strip
ac_cv_prog_cc_c89=
ac_cv_prog_cc_g=yes
ac_cv_prog_make_make_set=yes
am_cv_CC_dependencies_compiler_type=gcc3
am_cv_make_support_nested_variables=yes
am_cv_prog_cc_c_o=yes
am_cv_val_LC_MESSAGES=yes
gdu_cv_have_gdu=yes
gdu_cv_version_required=0.3.2
gt_cv_func_dgettext_libc=yes
gt_cv_func_dgettext_libintl=no
gt_cv_func_ngettext_libc=yes
gt_cv_have_gettext=yes
lt_cv_ar_at_file=@
lt_cv_archive_cmds_need_lc=no
lt_cv_deplibs_check_method=pass_all
lt_cv_file_magic_cmd='$MAGIC_CMD'
lt_cv_file_magic_test_file=
lt_cv_ld_reload_flag=-r
lt_cv_nm_interface='BSD nm'
lt_cv_objdir=.libs
lt_cv_path_LD=/nix/store/m0pbxxvs7zz4ixk4sxyq9shwazpd3kwq-gcc-wrapper-5.3.0/bin/ld
lt_cv_path_NM='/home/gjeusel/.nix-profile/bin/nm -B'
lt_cv_path_mainfest_tool=no
lt_cv_prog_compiler_c_o=yes
lt_cv_prog_compiler_pic='-fPIC -DPIC'
lt_cv_prog_compiler_pic_works=yes
lt_cv_prog_compiler_rtti_exceptions=no
lt_cv_prog_compiler_static_works=yes
lt_cv_prog_gnu_ld=yes
lt_cv_sharedlib_from_linklib_cmd='printf %s\n'
lt_cv_shlibpath_overrides_runpath=yes
lt_cv_sys_global_symbol_pipe='sed -n -e '\''s/^.*[	 ]\([ABCDGIRSTW][ABCDGIRSTW]*\)[	 ][	 ]*\([_A-Za-z][_A-Za-z0-9]*\)$/\1 \2 \2/p'\'' | sed '\''/ __gnu_lto/d'\'''
lt_cv_sys_global_symbol_to_c_name_address='sed -n -e '\''s/^: \([^ ]*\)[ ]*$/  {\"\1\", (void *) 0},/p'\'' -e '\''s/^[ABCDGIRSTW]* \([^ ]*\) \([^ ]*\)$/  {"\2", (void *) \&\2},/p'\'''
lt_cv_sys_global_symbol_to_c_name_address_lib_prefix='sed -n -e '\''s/^: \([^ ]*\)[ ]*$/  {\"\1\", (void *) 0},/p'\'' -e '\''s/^[ABCDGIRSTW]* \([^ ]*\) \(lib[^ ]*\)$/  {"\2", (void *) \&\2},/p'\'' -e '\''s/^[ABCDGIRSTW]* \([^ ]*\) \([^ ]*\)$/  {"lib\2", (void *) \&\2},/p'\'''
lt_cv_sys_global_symbol_to_cdecl='sed -n -e '\''s/^T .* \(.*\)$/extern int \1();/p'\'' -e '\''s/^[ABCDGIRSTW]* .* \(.*\)$/extern char \1;/p'\'''
lt_cv_sys_max_cmd_len=1572864
lt_cv_to_host_file_cmd=func_convert_file_noop
lt_cv_to_tool_file_cmd=func_convert_file_noop

## ----------------- ##
## Output variables. ##
## ----------------- ##










		$(INSTALL_DATA) $^ "$(DESTDIR)$(gsettingsschemadir)"; \
		test -n "$(GSETTINGS_DISABLE_SCHEMAS_COMPILE)$(DESTDIR)" || $(GLIB_COMPILE_SCHEMAS) $(gsettingsschemadir); \
		test -z "$(gsettingsschemadir)" || $(MKDIR_P) "$(DESTDIR)$(gsettingsschemadir)"; \
	$(AM_V_GEN) glib-mkenums --comments '\''<!-- @comment@ -->'\'' --fhead "<schemalist>" --vhead "  <@type@ id='\''$(gsettings_ENUM_NAMESPACE).@EnumName@'\''>" --vprod "    <value nick='\''@valuenick@'\'' value='\''@valuenum@'\''/>" --vtail "  </@type@>" --ftail "</schemalist>" $^ > $@.tmp && mv $@.tmp $@
	$(AM_V_GEN) if test -f "$<"; then d=; else d="$(srcdir)/"; fi; $(GLIB_COMPILE_SCHEMAS) --strict --dry-run $(addprefix --schema-file=,$(gsettings__enum_file)) --schema-file=$${d}$< && touch $@
	@$(NORMAL_INSTALL)
	@$(NORMAL_UNINSTALL)
	@list='\''$(gsettings_SCHEMAS) $(gsettings__enum_file)'\''; test -n "$(gsettingsschemadir)" || list=; \
	cd "$(DESTDIR)$(gsettingsschemadir)" && rm -f $$files
	echo " ( cd '\''$(DESTDIR)$(gsettingsschemadir)'\'' && rm -f" $$files ")"; \
	fi
	files=`for p in $$list; do echo $$p; done | sed -e '\''s|^.*/||'\''`; \
	if test -n "$^"; then \
	rm -f $(gsettings_SCHEMAS:.xml=.valid) $(gsettings__enum_file)
	test -n "$$files" || exit 0; \
	test -n "$(GSETTINGS_DISABLE_SCHEMAS_COMPILE)$(DESTDIR)" || $(GLIB_COMPILE_SCHEMAS) $(gsettingsschemadir)
$(gsettings__enum_file): $(gsettings_ENUM_FILES)
%.gschema.valid: %.gschema.xml $(gsettings__enum_file)
.PHONY : uninstall-gsettings-schemas install-gsettings-schemas clean-gsettings-schemas
.SECONDARY: $(gsettings_SCHEMAS)
ACLOCAL='aclocal-1.14'
ALLOCA=''
ALL_LINGUAS='fr ru it'
AMDEPBACKSLASH='\'
AMDEP_FALSE='#'
AMDEP_TRUE=''
AMTAR='$${TAR-tar}'
AM_BACKSLASH='\'
AM_DEFAULT_V='$(AM_DEFAULT_VERBOSITY)'
AM_DEFAULT_VERBOSITY='1'
AM_V='$(V)'
AR='ar'
AT_SPI2_CFLAGS=''
AT_SPI2_LIBS=''
AUTOCONF='autoconf'
AUTOHEADER='autoheader'
AUTOMAKE='automake-1.14'
AWK='gawk'
CATALOGS=' fr.gmo ru.gmo it.gmo'
CATOBJEXT='.gmo'
CC='gcc'
CCDEPMODE='depmode=gcc3'
CFLAGS='-g -O2'
CPP='gcc -E'
CPPFLAGS=''
CYGPATH_W='echo'
DATADIRNAME='share'
DEFS=''
DEPDIR='.deps'
DEPS_CFLAGS=''
DEPS_LIBS=''
DISTCHECK_CONFIGURE_FLAGS='--disable-scrollkeeper '
DLLTOOL='false'
DOC_USER_FORMATS=''
DSYMUTIL=''
DUMPBIN=''
ECHO_C=''
ECHO_N='-n'
ECHO_T=''
EGREP='/run/current-system/sw/bin/grep -E'
ENABLE_SK_FALSE='#'
ENABLE_SK_TRUE=''
EXEEXT=''
FGREP='/run/current-system/sw/bin/grep -F'
GETTEXT_PACKAGE='florence'
GIO_CFLAGS=''
GIO_LIBS=''
GLIB_COMPILE_SCHEMAS='glib-compile-schemas'
GMOFILES=' fr.gmo ru.gmo it.gmo'
GMSGFMT='/home/gjeusel/.nix-profile/bin/msgfmt'
GNOME_DOCS_UTILS_CFLAGS=''
GNOME_DOCS_UTILS_LIBS=''
GNOME_DOC_UTILS_CFLAGS=''
GNOME_DOC_UTILS_LIBS=''
GREP='/run/current-system/sw/bin/grep'
GSETTINGS_DISABLE_SCHEMAS_COMPILE=''
GSETTINGS_RULES='
GTK3_CFLAGS=''
GTK3_LIBS=''
HAVE_GNOME_DOC_UTILS_FALSE='#'
HAVE_GNOME_DOC_UTILS_TRUE=''
HELP_DIR='${datadir}/gnome/help'
ICONDIR=''
INSTALL_DATA='${INSTALL} -m 644'
INSTALL_PROGRAM='${INSTALL}'
INSTALL_SCRIPT='${INSTALL}'
INSTALL_STRIP_PROGRAM='$(install_sh) -c -s'
INSTOBJEXT='.mo'
INTLLIBS=''
INTLTOOL_CAVES_RULE='%.caves:     %.caves.in     $(INTLTOOL_MERGE) $(wildcard $(top_srcdir)/po/*.po) ; $(INTLTOOL_V_MERGE)LC_ALL=C $(INTLTOOL_MERGE) $(INTLTOOL_V_MERGE_OPTIONS) -d -u -c $(top_builddir)/po/.intltool-merge-cache $(top_srcdir)/po $< $@'
INTLTOOL_DESKTOP_RULE='%.desktop:   %.desktop.in   $(INTLTOOL_MERGE) $(wildcard $(top_srcdir)/po/*.po) ; $(INTLTOOL_V_MERGE)LC_ALL=C $(INTLTOOL_MERGE) $(INTLTOOL_V_MERGE_OPTIONS) -d -u -c $(top_builddir)/po/.intltool-merge-cache $(top_srcdir)/po $< $@'
INTLTOOL_DIRECTORY_RULE='%.directory: %.directory.in $(INTLTOOL_MERGE) $(wildcard $(top_srcdir)/po/*.po) ; $(INTLTOOL_V_MERGE)LC_ALL=C $(INTLTOOL_MERGE) $(INTLTOOL_V_MERGE_OPTIONS) -d -u -c $(top_builddir)/po/.intltool-merge-cache $(top_srcdir)/po $< $@'
INTLTOOL_EXTRACT='/home/gjeusel/.nix-profile/bin/intltool-extract'
INTLTOOL_KBD_RULE='%.kbd:       %.kbd.in       $(INTLTOOL_MERGE) $(wildcard $(top_srcdir)/po/*.po) ; $(INTLTOOL_V_MERGE)LC_ALL=C $(INTLTOOL_MERGE) $(INTLTOOL_V_MERGE_OPTIONS) -x -u -m -c $(top_builddir)/po/.intltool-merge-cache $(top_srcdir)/po $< $@'
INTLTOOL_KEYS_RULE='%.keys:      %.keys.in      $(INTLTOOL_MERGE) $(wildcard $(top_srcdir)/po/*.po) ; $(INTLTOOL_V_MERGE)LC_ALL=C $(INTLTOOL_MERGE) $(INTLTOOL_V_MERGE_OPTIONS) -k -u -c $(top_builddir)/po/.intltool-merge-cache $(top_srcdir)/po $< $@'
INTLTOOL_MERGE='/home/gjeusel/.nix-profile/bin/intltool-merge'
INTLTOOL_OAF_RULE='%.oaf:       %.oaf.in       $(INTLTOOL_MERGE) $(wildcard $(top_srcdir)/po/*.po) ; $(INTLTOOL_V_MERGE)LC_ALL=C $(INTLTOOL_MERGE) $(INTLTOOL_V_MERGE_OPTIONS) -o -p $(top_srcdir)/po $< $@'
INTLTOOL_PERL='/home/gjeusel/.nix-profile/bin/perl'
INTLTOOL_POLICY_RULE='%.policy:    %.policy.in    $(INTLTOOL_MERGE) $(wildcard $(top_srcdir)/po/*.po) ; $(INTLTOOL_V_MERGE)LC_ALL=C $(INTLTOOL_MERGE) $(INTLTOOL_V_MERGE_OPTIONS) -x -u -c $(top_builddir)/po/.intltool-merge-cache $(top_srcdir)/po $< $@'
INTLTOOL_PONG_RULE='%.pong:      %.pong.in      $(INTLTOOL_MERGE) $(wildcard $(top_srcdir)/po/*.po) ; $(INTLTOOL_V_MERGE)LC_ALL=C $(INTLTOOL_MERGE) $(INTLTOOL_V_MERGE_OPTIONS) -x -u -c $(top_builddir)/po/.intltool-merge-cache $(top_srcdir)/po $< $@'
INTLTOOL_PROP_RULE='%.prop:      %.prop.in      $(INTLTOOL_MERGE) $(wildcard $(top_srcdir)/po/*.po) ; $(INTLTOOL_V_MERGE)LC_ALL=C $(INTLTOOL_MERGE) $(INTLTOOL_V_MERGE_OPTIONS) -d -u -c $(top_builddir)/po/.intltool-merge-cache $(top_srcdir)/po $< $@'
INTLTOOL_SCHEMAS_RULE='%.schemas:   %.schemas.in   $(INTLTOOL_MERGE) $(wildcard $(top_srcdir)/po/*.po) ; $(INTLTOOL_V_MERGE)LC_ALL=C $(INTLTOOL_MERGE) $(INTLTOOL_V_MERGE_OPTIONS) -s -u -c $(top_builddir)/po/.intltool-merge-cache $(top_srcdir)/po $< $@'
INTLTOOL_SERVER_RULE='%.server:    %.server.in    $(INTLTOOL_MERGE) $(wildcard $(top_srcdir)/po/*.po) ; $(INTLTOOL_V_MERGE)LC_ALL=C $(INTLTOOL_MERGE) $(INTLTOOL_V_MERGE_OPTIONS) -o -u -c $(top_builddir)/po/.intltool-merge-cache $(top_srcdir)/po $< $@'
INTLTOOL_SERVICE_RULE='%.service: %.service.in   $(INTLTOOL_MERGE) $(wildcard $(top_srcdir)/po/*.po) ; $(INTLTOOL_V_MERGE)LC_ALL=C $(INTLTOOL_MERGE) $(INTLTOOL_V_MERGE_OPTIONS) -d -u -c $(top_builddir)/po/.intltool-merge-cache $(top_srcdir)/po $< $@'
INTLTOOL_SHEET_RULE='%.sheet:     %.sheet.in     $(INTLTOOL_MERGE) $(wildcard $(top_srcdir)/po/*.po) ; $(INTLTOOL_V_MERGE)LC_ALL=C $(INTLTOOL_MERGE) $(INTLTOOL_V_MERGE_OPTIONS) -x -u -c $(top_builddir)/po/.intltool-merge-cache $(top_srcdir)/po $< $@'
INTLTOOL_SOUNDLIST_RULE='%.soundlist: %.soundlist.in $(INTLTOOL_MERGE) $(wildcard $(top_srcdir)/po/*.po) ; $(INTLTOOL_V_MERGE)LC_ALL=C $(INTLTOOL_MERGE) $(INTLTOOL_V_MERGE_OPTIONS) -d -u -c $(top_builddir)/po/.intltool-merge-cache $(top_srcdir)/po $< $@'
INTLTOOL_THEME_RULE='%.theme:     %.theme.in     $(INTLTOOL_MERGE) $(wildcard $(top_srcdir)/po/*.po) ; $(INTLTOOL_V_MERGE)LC_ALL=C $(INTLTOOL_MERGE) $(INTLTOOL_V_MERGE_OPTIONS) -d -u -c $(top_builddir)/po/.intltool-merge-cache $(top_srcdir)/po $< $@'
INTLTOOL_UI_RULE='%.ui:        %.ui.in        $(INTLTOOL_MERGE) $(wildcard $(top_srcdir)/po/*.po) ; $(INTLTOOL_V_MERGE)LC_ALL=C $(INTLTOOL_MERGE) $(INTLTOOL_V_MERGE_OPTIONS) -x -u -c $(top_builddir)/po/.intltool-merge-cache $(top_srcdir)/po $< $@'
INTLTOOL_UPDATE='/home/gjeusel/.nix-profile/bin/intltool-update'
INTLTOOL_V_MERGE='$(INTLTOOL__v_MERGE_$(V))'
INTLTOOL_V_MERGE_OPTIONS='$(intltool__v_merge_options_$(V))'
INTLTOOL_XAM_RULE='%.xam:       %.xml.in       $(INTLTOOL_MERGE) $(wildcard $(top_srcdir)/po/*.po) ; $(INTLTOOL_V_MERGE)LC_ALL=C $(INTLTOOL_MERGE) $(INTLTOOL_V_MERGE_OPTIONS) -x -u -c $(top_builddir)/po/.intltool-merge-cache $(top_srcdir)/po $< $@'
INTLTOOL_XML_NOMERGE_RULE='%.xml:       %.xml.in       $(INTLTOOL_MERGE) ; $(INTLTOOL_V_MERGE)LC_ALL=C $(INTLTOOL_MERGE) $(INTLTOOL_V_MERGE_OPTIONS) -x -u --no-translations $< $@'
INTLTOOL_XML_RULE='%.xml:       %.xml.in       $(INTLTOOL_MERGE) $(wildcard $(top_srcdir)/po/*.po) ; $(INTLTOOL_V_MERGE)LC_ALL=C $(INTLTOOL_MERGE) $(INTLTOOL_V_MERGE_OPTIONS) -x -u -c $(top_builddir)/po/.intltool-merge-cache $(top_srcdir)/po $< $@'
INTLTOOL__v_MERGE_0='@echo "  ITMRG " $@;'
INTLTOOL__v_MERGE_='$(INTLTOOL__v_MERGE_$(AM_DEFAULT_VERBOSITY))'
LD='/nix/store/m0pbxxvs7zz4ixk4sxyq9shwazpd3kwq-gcc-wrapper-5.3.0/bin/ld'
LDFLAGS=''
LIBGNOME_CFLAGS=''
LIBGNOME_LIBS=''
LIBM=''
LIBNOTIFY_CFLAGS=''
LIBNOTIFY_ICON_CFLAGS=''
LIBNOTIFY_ICON_LIBS=''
LIBNOTIFY_LIBS=''
LIBOBJS=''
LIBS=''
LIBTOOL='$(SHELL) $(top_builddir)/libtool'
LIPO=''
LN_S='ln -s'
LTLIBOBJS=''
MAKEINFO='makeinfo'
MANIFEST_TOOL=':'
MKDIR_P='/run/current-system/sw/bin/mkdir -p'
MKINSTALLDIRS='./mkinstalldirs'
MSGFMT='/home/gjeusel/.nix-profile/bin/msgfmt'
MSGFMT_OPTS='-c'
MSGMERGE='/home/gjeusel/.nix-profile/bin/msgmerge'
NM='/home/gjeusel/.nix-profile/bin/nm -B'
NMEDIT=''
OBJDUMP='objdump'
OBJEXT='o'
OMF_DIR='${datadir}/omf'
OTOOL64=''
OTOOL=''
PACKAGE='florence'
PACKAGE_BUGREPORT='f.agrech@gmail.com'
PACKAGE_NAME='Florence virtual keyboard'
PACKAGE_STRING='Florence virtual keyboard 0.6.3'
PACKAGE_TARNAME='florence'
PACKAGE_URL=''
PACKAGE_VERSION='0.6.3'
PATH_SEPARATOR=':'
PKG_CONFIG='/home/gjeusel/.nix-profile/bin/pkg-config'
PKG_CONFIG_LIBDIR=''
PKG_CONFIG_PATH='/home/gjeusel/.nix-profile/lib/pkgconfig:/nix/var/nix/profiles/default/lib/pkgconfig:/run/current-system/sw/lib/pkgconfig'
POFILES=' fr.po ru.po it.po'
POSUB='po'
PO_IN_DATADIR_FALSE=''
PO_IN_DATADIR_TRUE=''
RANLIB='ranlib'
SCROLLKEEPER_BUILD_REQUIRED='0.3.5'
SED='/run/current-system/sw/bin/sed'
SET_MAKE=''
SHELL='/bin/sh'
SK_CONFIG='/home/gjeusel/.nix-profile/bin/scrollkeeper-config'
STRIP='strip'
USE_NLS='yes'
VERSION='0.6.3'
WITH_AT_SPI_FALSE='#'
WITH_AT_SPI_TRUE=''
WITH_DOCS_FALSE='#'
WITH_DOCS_TRUE=''
WITH_NOTIFICATION_FALSE='#'
WITH_NOTIFICATION_TRUE=''
WITH_RAMBLE_FALSE='#'
WITH_RAMBLE_TRUE=''
WITH_XKB_FALSE='#'
WITH_XKB_TRUE=''
WITH_XRECORD_FALSE='#'
WITH_XRECORD_TRUE=''
WITH_XTST_FALSE='#'
WITH_XTST_TRUE=''
X11_CFLAGS=''
X11_LIBS=''
XGETTEXT='/home/gjeusel/.nix-profile/bin/xgettext'
XTST_CFLAGS=''
XTST_LIBS=''
ac_ct_AR='ar'
ac_ct_CC='gcc'
ac_ct_DUMPBIN=''
all-am: $(gsettings_SCHEMAS:.xml=.valid)
am__EXEEXT_FALSE=''
am__EXEEXT_TRUE=''
am__fastdepCC_FALSE='#'
am__fastdepCC_TRUE=''
am__include='include'
am__isrc=''
am__leading_dot='.'
am__nodep='_no'
am__quote=''
am__tar='$${TAR-tar} chof - "$$tardir"'
am__untar='$${TAR-tar} xf -'
bindir='${exec_prefix}/bin'
build='x86_64-unknown-linux-gnu'
build_alias=''
build_cpu='x86_64'
build_os='linux-gnu'
build_vendor='unknown'
clean-gsettings-schemas:
datadir='${datarootdir}'
datarootdir='${prefix}/share'
docdir='${datarootdir}/doc/${PACKAGE_TARNAME}'
dvidir='${docdir}'
endif'
exec_prefix='NONE'
florencelocaledir='${prefix}/${DATADIRNAME}/locale'
gsettings__enum_file = $(addsuffix .enums.xml,$(gsettings_ENUM_NAMESPACE))
gsettingsschemadir='${datarootdir}/glib-2.0/schemas'
host='x86_64-unknown-linux-gnu'
host_alias=''
host_cpu='x86_64'
host_os='linux-gnu'
host_vendor='unknown'
htmldir='${docdir}'
ifdef gsettings_ENUM_NAMESPACE
includedir='${prefix}/include'
infodir='${datarootdir}/info'
install-data-am: install-gsettings-schemas
install-gsettings-schemas: $(gsettings_SCHEMAS) $(gsettings__enum_file)
install_sh='${SHELL} /home/gjeusel/projects/waxCraft/nix/nixpkgs/florence-0.6.3/florence-0.6.3/install-sh'
intltool__v_merge_options_0='-q'
intltool__v_merge_options_='$(intltool__v_merge_options_$(AM_DEFAULT_VERBOSITY))'
libdir='${exec_prefix}/lib'
libexecdir='${exec_prefix}/libexec'
localedir='${datarootdir}/locale'
localstatedir='${prefix}/var'
mandir='${datarootdir}/man'
mkdir_p='$(MKDIR_P)'
mostlyclean-am: clean-gsettings-schemas
oldincludedir='/usr/include'
pdfdir='${docdir}'
prefix='/home/gjeusel/projects/waxCraft/nix/nixpkgs/florence-0.6.3/florence-0.6.3'
program_transform_name='s,x,x,'
psdir='${docdir}'
sbindir='${exec_prefix}/sbin'
sharedstatedir='${prefix}/com'
sysconfdir='${prefix}/etc'
target_alias=''
uninstall-am: uninstall-gsettings-schemas
uninstall-gsettings-schemas:

## ----------- ##
## confdefs.h. ##
## ----------- ##

/* confdefs.h */
#define PACKAGE_NAME "Florence virtual keyboard"
#define PACKAGE_TARNAME "florence"
#define PACKAGE_VERSION "0.6.3"
#define PACKAGE_STRING "Florence virtual keyboard 0.6.3"
#define PACKAGE_BUGREPORT "f.agrech@gmail.com"
#define PACKAGE_URL ""
#define PACKAGE "florence"
#define VERSION "0.6.3"
#define STDC_HEADERS 1
#define HAVE_SYS_TYPES_H 1
#define HAVE_SYS_STAT_H 1
#define HAVE_STDLIB_H 1
#define HAVE_STRING_H 1
#define HAVE_MEMORY_H 1
#define HAVE_STRINGS_H 1
#define HAVE_INTTYPES_H 1
#define HAVE_STDINT_H 1
#define HAVE_UNISTD_H 1
#define HAVE_DLFCN_H 1
#define LT_OBJDIR ".libs/"
#define ENABLE_XKB "xkb"
#define ENABLE_RAMBLE "ramble"
#define GETTEXT_PACKAGE "florence"
#define HAVE_LOCALE_H 1
#define HAVE_LC_MESSAGES 1
#define HAVE_BIND_TEXTDOMAIN_CODESET 1
#define HAVE_GETTEXT 1
#define HAVE_DCGETTEXT 1
#define ENABLE_NLS 1

configure: exit 1
